
[0;37mRandomly selected pool: di[0m
[0;37mContinuous mode enabled. Press Ctrl+C to exit.[0m
[0;37mNext question from pool: rl[0m
[0;37mPool: rl[0m
[0;37mQuestion ID: 0001[0m
[0;32mURL verified: https://ptemagic.com/pte-academic/question-bank/speaking/practice?type=SPEAKING_RETELL_LECTURE&id=RL0001[0m
Created TensorFlow Lite XNNPACK delegate for CPU.
[32140:7324:0925/234609.741:ERROR:google_apis\gcm\engine\registration_request.cc:291] Registration response error message: DEPRECATED_ENDPOINT
[0;37mBrowser closed[0m
[0;37mNext question from pool: gd[0m
[0;37mPool: gd[0m
[0;37mQuestion ID: 0010[0m
[0;32mURL verified: https://ptemagic.com/pte-academic/question-bank/speaking/practice?type=SPEAKING_SUMMARISE_GROUP_DISCUSSION&id=SGD0010[0m
Created TensorFlow Lite XNNPACK delegate for CPU.
[15384:2884:0925/234616.371:ERROR:google_apis\gcm\engine\registration_request.cc:291] Registration response error message: DEPRECATED_ENDPOINT
[15384:2884:0925/234641.076:ERROR:google_apis\gcm\engine\registration_request.cc:291] Registration response error message: DEPRECATED_ENDPOINT
[15384:22624:0925/234653.267:ERROR:components\device_event_log\device_event_log_impl.cc:198] [23:46:53.266] USB: usb_service_win.cc:105 SetupDiGetDeviceProperty({{A45C254E-DF1C-4EFD-8020-67D146A850E0}, 6}) failed: Element not found. (0x490)
[15384:2884:0925/234724.240:ERROR:google_apis\gcm\engine\registration_request.cc:291] Registration response error message: DEPRECATED_ENDPOINT
[15384:2884:0925/234922.249:ERROR:google_apis\gcm\engine\registration_request.cc:291] Registration response error message: DEPRECATED_ENDPOINT
[0;37mBrowser closed[0m
[0;37mNext question from pool: ss[0m
[0;37mPool: ss[0m
[0;37mQuestion ID: 0001[0m
[0;32mURL verified: https://ptemagic.com/pte-academic/question-bank/listening/practice?type=LISTENING_SUMMARIZE_SPOKEN_TEXT&id=SST0001[0m
Created TensorFlow Lite XNNPACK delegate for CPU.
[29720:13480:0925/235035.274:ERROR:google_apis\gcm\engine\registration_request.cc:291] Registration response error message: DEPRECATED_ENDPOINT
[0;37mBrowser closed[0m
[0;37mNext question from pool: sp[0m
[0;37mPool: sp[0m
[0;37mQuestion ID: 0018[0m
[0;32mURL verified: https://ptemagic.com/pte-academic/question-bank/writing/practice?type=WRITING_SUMMARIZE_WRITTEN_TEXT&id=SWT0018[0m
Created TensorFlow Lite XNNPACK delegate for CPU.
[25900:31508:0925/235045.576:ERROR:google_apis\gcm\engine\registration_request.cc:291] Registration response error message: DEPRECATED_ENDPOINT
[0;37mBrowser closed[0m
[0;37mNext question from pool: rs[0m
[0;37mPool: rs[0m
[0;37mQuestion ID: 0016[0m
[0;32mURL verified: https://ptemagic.com/pte-academic/question-bank/speaking/practice?type=SPEAKING_REPEAT_SENTENCE&id=RS0016[0m
Created TensorFlow Lite XNNPACK delegate for CPU.
[32196:18040:0925/235111.083:ERROR:google_apis\gcm\engine\registration_request.cc:291] Registration response error message: DEPRECATED_ENDPOINT
[32196:18040:0925/235134.551:ERROR:google_apis\gcm\engine\registration_request.cc:291] Registration response error message: DEPRECATED_ENDPOINT
[32196:18040:0925/235224.400:ERROR:google_apis\gcm\engine\registration_request.cc:291] Registration response error message: DEPRECATED_ENDPOINT
